mode: set
github.com/bhehar/bed-and-breakfast/internal/driver/driver.go:25.42,27.16 2 0
github.com/bhehar/bed-and-breakfast/internal/driver/driver.go:27.16,28.13 1 0
github.com/bhehar/bed-and-breakfast/internal/driver/driver.go:30.2,36.16 6 0
github.com/bhehar/bed-and-breakfast/internal/driver/driver.go:36.16,38.3 1 0
github.com/bhehar/bed-and-breakfast/internal/driver/driver.go:39.2,39.20 1 0
github.com/bhehar/bed-and-breakfast/internal/driver/driver.go:43.30,45.16 2 0
github.com/bhehar/bed-and-breakfast/internal/driver/driver.go:45.16,47.3 1 0
github.com/bhehar/bed-and-breakfast/internal/driver/driver.go:48.2,48.12 1 0
github.com/bhehar/bed-and-breakfast/internal/driver/driver.go:52.47,54.16 2 0
github.com/bhehar/bed-and-breakfast/internal/driver/driver.go:54.16,56.3 1 0
github.com/bhehar/bed-and-breakfast/internal/driver/driver.go:58.2,58.33 1 0
github.com/bhehar/bed-and-breakfast/internal/driver/driver.go:58.33,60.3 1 0
github.com/bhehar/bed-and-breakfast/internal/driver/driver.go:62.2,62.16 1 0
github.com/bhehar/bed-and-breakfast/internal/repository/dbrepo/dbrepo.go:15.81,20.2 1 0
github.com/bhehar/bed-and-breakfast/internal/repository/dbrepo/postgres.go:4.42,6.2 1 0
github.com/bhehar/bed-and-breakfast/internal/helpers/helpers.go:13.38,15.2 1 0
github.com/bhehar/bed-and-breakfast/internal/helpers/helpers.go:19.53,22.2 2 0
github.com/bhehar/bed-and-breakfast/internal/helpers/helpers.go:26.52,29.2 2 0
github.com/bhehar/bed-and-breakfast/cmd/web/main.go:31.13,33.16 2 0
github.com/bhehar/bed-and-breakfast/cmd/web/main.go:33.16,35.3 1 0
github.com/bhehar/bed-and-breakfast/cmd/web/main.go:36.2,45.16 5 0
github.com/bhehar/bed-and-breakfast/cmd/web/main.go:48.32,75.16 18 1
github.com/bhehar/bed-and-breakfast/cmd/web/main.go:75.16,77.3 1 0
github.com/bhehar/bed-and-breakfast/cmd/web/main.go:78.2,83.16 3 1
github.com/bhehar/bed-and-breakfast/cmd/web/main.go:83.16,85.3 1 0
github.com/bhehar/bed-and-breakfast/cmd/web/main.go:87.2,95.16 7 1
github.com/bhehar/bed-and-breakfast/cmd/web/middleware.go:10.45,20.2 3 1
github.com/bhehar/bed-and-breakfast/cmd/web/middleware.go:23.50,25.2 1 1
github.com/bhehar/bed-and-breakfast/cmd/web/routes.go:12.49,37.2 18 1
github.com/bhehar/bed-and-breakfast/internal/forms/errors.go:6.40,8.2 1 1
github.com/bhehar/bed-and-breakfast/internal/forms/errors.go:11.47,13.18 2 1
github.com/bhehar/bed-and-breakfast/internal/forms/errors.go:13.18,15.3 1 1
github.com/bhehar/bed-and-breakfast/internal/forms/errors.go:16.2,16.14 1 1
github.com/bhehar/bed-and-breakfast/internal/forms/forms.go:20.33,25.2 1 1
github.com/bhehar/bed-and-breakfast/internal/forms/forms.go:27.29,29.2 1 1
github.com/bhehar/bed-and-breakfast/internal/forms/forms.go:32.43,33.31 1 1
github.com/bhehar/bed-and-breakfast/internal/forms/forms.go:33.31,35.35 2 1
github.com/bhehar/bed-and-breakfast/internal/forms/forms.go:35.35,37.4 1 1
github.com/bhehar/bed-and-breakfast/internal/forms/forms.go:41.39,43.2 1 1
github.com/bhehar/bed-and-breakfast/internal/forms/forms.go:46.54,48.22 2 1
github.com/bhehar/bed-and-breakfast/internal/forms/forms.go:48.22,52.3 3 1
github.com/bhehar/bed-and-breakfast/internal/forms/forms.go:53.2,53.13 1 1
github.com/bhehar/bed-and-breakfast/internal/forms/forms.go:57.32,59.17 2 1
github.com/bhehar/bed-and-breakfast/internal/forms/forms.go:59.17,61.3 1 1
github.com/bhehar/bed-and-breakfast/internal/render/basic-template-cache.go:12.59,18.12 4 0
github.com/bhehar/bed-and-breakfast/internal/render/basic-template-cache.go:18.12,22.17 3 0
github.com/bhehar/bed-and-breakfast/internal/render/basic-template-cache.go:22.17,24.4 1 0
github.com/bhehar/bed-and-breakfast/internal/render/basic-template-cache.go:25.8,28.3 1 0
github.com/bhehar/bed-and-breakfast/internal/render/basic-template-cache.go:30.2,32.16 3 0
github.com/bhehar/bed-and-breakfast/internal/render/basic-template-cache.go:32.16,34.3 1 0
github.com/bhehar/bed-and-breakfast/internal/render/basic-template-cache.go:37.47,45.16 3 0
github.com/bhehar/bed-and-breakfast/internal/render/basic-template-cache.go:45.16,47.3 1 0
github.com/bhehar/bed-and-breakfast/internal/render/basic-template-cache.go:50.2,51.12 2 0
github.com/bhehar/bed-and-breakfast/internal/render/render.go:22.39,24.2 1 0
github.com/bhehar/bed-and-breakfast/internal/render/render.go:26.84,32.2 5 1
github.com/bhehar/bed-and-breakfast/internal/render/render.go:35.100,38.18 2 1
github.com/bhehar/bed-and-breakfast/internal/render/render.go:38.18,40.3 1 0
github.com/bhehar/bed-and-breakfast/internal/render/render.go:40.8,42.3 1 1
github.com/bhehar/bed-and-breakfast/internal/render/render.go:44.2,45.9 2 1
github.com/bhehar/bed-and-breakfast/internal/render/render.go:45.9,49.3 2 1
github.com/bhehar/bed-and-breakfast/internal/render/render.go:52.2,56.16 4 1
github.com/bhehar/bed-and-breakfast/internal/render/render.go:56.16,59.3 2 0
github.com/bhehar/bed-and-breakfast/internal/render/render.go:62.2,63.16 2 1
github.com/bhehar/bed-and-breakfast/internal/render/render.go:63.16,66.3 2 0
github.com/bhehar/bed-and-breakfast/internal/render/render.go:68.2,68.12 1 1
github.com/bhehar/bed-and-breakfast/internal/render/render.go:71.67,76.16 3 1
github.com/bhehar/bed-and-breakfast/internal/render/render.go:76.16,78.3 1 0
github.com/bhehar/bed-and-breakfast/internal/render/render.go:81.2,82.16 2 1
github.com/bhehar/bed-and-breakfast/internal/render/render.go:82.16,84.3 1 0
github.com/bhehar/bed-and-breakfast/internal/render/render.go:87.2,87.29 1 1
github.com/bhehar/bed-and-breakfast/internal/render/render.go:87.29,91.17 3 1
github.com/bhehar/bed-and-breakfast/internal/render/render.go:91.17,93.4 1 0
github.com/bhehar/bed-and-breakfast/internal/render/render.go:95.3,95.23 1 1
github.com/bhehar/bed-and-breakfast/internal/render/render.go:95.23,97.18 2 1
github.com/bhehar/bed-and-breakfast/internal/render/render.go:97.18,99.5 1 0
github.com/bhehar/bed-and-breakfast/internal/render/render.go:101.3,101.21 1 1
github.com/bhehar/bed-and-breakfast/internal/render/render.go:103.2,103.21 1 1
