mode: set
github.com/bhehar/bed-and-breakfast/internal/render/basic-template-cache.go:12.59,18.12 4 0
github.com/bhehar/bed-and-breakfast/internal/render/basic-template-cache.go:18.12,22.17 3 0
github.com/bhehar/bed-and-breakfast/internal/render/basic-template-cache.go:22.17,24.4 1 0
github.com/bhehar/bed-and-breakfast/internal/render/basic-template-cache.go:25.8,28.3 1 0
github.com/bhehar/bed-and-breakfast/internal/render/basic-template-cache.go:30.2,32.16 3 0
github.com/bhehar/bed-and-breakfast/internal/render/basic-template-cache.go:32.16,34.3 1 0
github.com/bhehar/bed-and-breakfast/internal/render/basic-template-cache.go:37.47,45.16 3 0
github.com/bhehar/bed-and-breakfast/internal/render/basic-template-cache.go:45.16,47.3 1 0
github.com/bhehar/bed-and-breakfast/internal/render/basic-template-cache.go:50.2,51.12 2 0
github.com/bhehar/bed-and-breakfast/internal/render/render.go:22.40,24.2 1 0
github.com/bhehar/bed-and-breakfast/internal/render/render.go:26.84,32.2 5 1
github.com/bhehar/bed-and-breakfast/internal/render/render.go:35.106,38.18 2 1
github.com/bhehar/bed-and-breakfast/internal/render/render.go:38.18,40.3 1 0
github.com/bhehar/bed-and-breakfast/internal/render/render.go:40.8,42.3 1 1
github.com/bhehar/bed-and-breakfast/internal/render/render.go:44.2,45.9 2 1
github.com/bhehar/bed-and-breakfast/internal/render/render.go:45.9,49.3 2 1
github.com/bhehar/bed-and-breakfast/internal/render/render.go:52.2,56.16 4 1
github.com/bhehar/bed-and-breakfast/internal/render/render.go:56.16,59.3 2 0
github.com/bhehar/bed-and-breakfast/internal/render/render.go:62.2,63.16 2 1
github.com/bhehar/bed-and-breakfast/internal/render/render.go:63.16,66.3 2 0
github.com/bhehar/bed-and-breakfast/internal/render/render.go:68.2,68.12 1 1
github.com/bhehar/bed-and-breakfast/internal/render/render.go:71.67,76.16 3 1
github.com/bhehar/bed-and-breakfast/internal/render/render.go:76.16,78.3 1 0
github.com/bhehar/bed-and-breakfast/internal/render/render.go:81.2,82.16 2 1
github.com/bhehar/bed-and-breakfast/internal/render/render.go:82.16,84.3 1 0
github.com/bhehar/bed-and-breakfast/internal/render/render.go:87.2,87.29 1 1
github.com/bhehar/bed-and-breakfast/internal/render/render.go:87.29,91.17 3 1
github.com/bhehar/bed-and-breakfast/internal/render/render.go:91.17,93.4 1 0
github.com/bhehar/bed-and-breakfast/internal/render/render.go:95.3,95.23 1 1
github.com/bhehar/bed-and-breakfast/internal/render/render.go:95.23,97.18 2 1
github.com/bhehar/bed-and-breakfast/internal/render/render.go:97.18,99.5 1 0
github.com/bhehar/bed-and-breakfast/internal/render/render.go:101.3,101.21 1 1
github.com/bhehar/bed-and-breakfast/internal/render/render.go:103.2,103.21 1 1
