mode: set
github.com/bhehar/bed-and-breakfast/internal/handlers/handlers.go:29.62,34.2 1 0
github.com/bhehar/bed-and-breakfast/internal/handlers/handlers.go:37.54,42.2 1 1
github.com/bhehar/bed-and-breakfast/internal/handlers/handlers.go:45.33,47.2 1 1
github.com/bhehar/bed-and-breakfast/internal/handlers/handlers.go:49.68,51.2 1 1
github.com/bhehar/bed-and-breakfast/internal/handlers/handlers.go:53.69,55.2 1 1
github.com/bhehar/bed-and-breakfast/internal/handlers/handlers.go:58.75,60.9 2 1
github.com/bhehar/bed-and-breakfast/internal/handlers/handlers.go:60.9,64.3 3 1
github.com/bhehar/bed-and-breakfast/internal/handlers/handlers.go:66.2,79.4 8 1
github.com/bhehar/bed-and-breakfast/internal/handlers/handlers.go:83.79,85.9 2 1
github.com/bhehar/bed-and-breakfast/internal/handlers/handlers.go:85.9,89.3 3 1
github.com/bhehar/bed-and-breakfast/internal/handlers/handlers.go:91.2,92.16 2 1
github.com/bhehar/bed-and-breakfast/internal/handlers/handlers.go:92.16,96.3 3 1
github.com/bhehar/bed-and-breakfast/internal/handlers/handlers.go:98.2,110.19 9 1
github.com/bhehar/bed-and-breakfast/internal/handlers/handlers.go:110.19,119.3 5 1
github.com/bhehar/bed-and-breakfast/internal/handlers/handlers.go:121.2,122.16 2 1
github.com/bhehar/bed-and-breakfast/internal/handlers/handlers.go:122.16,126.3 3 1
github.com/bhehar/bed-and-breakfast/internal/handlers/handlers.go:128.2,136.16 3 1
github.com/bhehar/bed-and-breakfast/internal/handlers/handlers.go:136.16,140.3 3 1
github.com/bhehar/bed-and-breakfast/internal/handlers/handlers.go:142.2,143.66 2 1
github.com/bhehar/bed-and-breakfast/internal/handlers/handlers.go:147.72,149.2 1 1
github.com/bhehar/bed-and-breakfast/internal/handlers/handlers.go:152.70,154.2 1 1
github.com/bhehar/bed-and-breakfast/internal/handlers/handlers.go:157.76,159.2 1 1
github.com/bhehar/bed-and-breakfast/internal/handlers/handlers.go:162.80,164.16 2 1
github.com/bhehar/bed-and-breakfast/internal/handlers/handlers.go:164.16,168.3 3 0
github.com/bhehar/bed-and-breakfast/internal/handlers/handlers.go:170.2,171.16 2 1
github.com/bhehar/bed-and-breakfast/internal/handlers/handlers.go:171.16,175.3 3 0
github.com/bhehar/bed-and-breakfast/internal/handlers/handlers.go:177.2,178.16 2 1
github.com/bhehar/bed-and-breakfast/internal/handlers/handlers.go:178.16,182.3 3 0
github.com/bhehar/bed-and-breakfast/internal/handlers/handlers.go:184.2,185.16 2 1
github.com/bhehar/bed-and-breakfast/internal/handlers/handlers.go:185.16,189.3 3 0
github.com/bhehar/bed-and-breakfast/internal/handlers/handlers.go:191.2,191.21 1 1
github.com/bhehar/bed-and-breakfast/internal/handlers/handlers.go:191.21,195.3 3 1
github.com/bhehar/bed-and-breakfast/internal/handlers/handlers.go:197.2,206.4 5 0
github.com/bhehar/bed-and-breakfast/internal/handlers/handlers.go:218.80,220.16 2 1
github.com/bhehar/bed-and-breakfast/internal/handlers/handlers.go:220.16,229.3 5 1
github.com/bhehar/bed-and-breakfast/internal/handlers/handlers.go:231.2,250.16 5 1
github.com/bhehar/bed-and-breakfast/internal/handlers/handlers.go:250.16,259.3 5 1
github.com/bhehar/bed-and-breakfast/internal/handlers/handlers.go:261.2,273.14 4 1
github.com/bhehar/bed-and-breakfast/internal/handlers/handlers.go:276.71,278.2 1 1
github.com/bhehar/bed-and-breakfast/internal/handlers/handlers.go:281.82,283.9 2 1
github.com/bhehar/bed-and-breakfast/internal/handlers/handlers.go:283.9,290.3 4 1
github.com/bhehar/bed-and-breakfast/internal/handlers/handlers.go:292.2,305.4 9 1
github.com/bhehar/bed-and-breakfast/internal/handlers/handlers.go:308.74,311.16 3 1
github.com/bhehar/bed-and-breakfast/internal/handlers/handlers.go:311.16,315.3 3 1
github.com/bhehar/bed-and-breakfast/internal/handlers/handlers.go:317.2,320.9 3 1
github.com/bhehar/bed-and-breakfast/internal/handlers/handlers.go:320.9,324.3 3 1
github.com/bhehar/bed-and-breakfast/internal/handlers/handlers.go:326.2,331.63 4 1
github.com/bhehar/bed-and-breakfast/internal/handlers/handlers.go:334.72,336.16 2 1
github.com/bhehar/bed-and-breakfast/internal/handlers/handlers.go:336.16,338.3 1 0
github.com/bhehar/bed-and-breakfast/internal/handlers/handlers.go:340.2,350.16 8 1
github.com/bhehar/bed-and-breakfast/internal/handlers/handlers.go:350.16,354.3 3 1
github.com/bhehar/bed-and-breakfast/internal/handlers/handlers.go:355.2,358.63 3 1
