mode: set
github.com/bhehar/bed-and-breakfast/internal/handlers/handlers.go:23.47,27.2 1 1
github.com/bhehar/bed-and-breakfast/internal/handlers/handlers.go:30.33,32.2 1 1
github.com/bhehar/bed-and-breakfast/internal/handlers/handlers.go:34.68,38.2 3 1
github.com/bhehar/bed-and-breakfast/internal/handlers/handlers.go:40.69,51.2 5 1
github.com/bhehar/bed-and-breakfast/internal/handlers/handlers.go:54.74,62.2 4 1
github.com/bhehar/bed-and-breakfast/internal/handlers/handlers.go:65.78,67.16 2 1
github.com/bhehar/bed-and-breakfast/internal/handlers/handlers.go:67.16,69.3 1 0
github.com/bhehar/bed-and-breakfast/internal/handlers/handlers.go:71.2,86.19 6 1
github.com/bhehar/bed-and-breakfast/internal/handlers/handlers.go:86.19,95.3 4 0
github.com/bhehar/bed-and-breakfast/internal/handlers/handlers.go:97.2,98.66 2 1
github.com/bhehar/bed-and-breakfast/internal/handlers/handlers.go:102.71,104.2 1 1
github.com/bhehar/bed-and-breakfast/internal/handlers/handlers.go:107.69,109.2 1 1
github.com/bhehar/bed-and-breakfast/internal/handlers/handlers.go:112.75,114.2 1 1
github.com/bhehar/bed-and-breakfast/internal/handlers/handlers.go:117.79,123.2 4 1
github.com/bhehar/bed-and-breakfast/internal/handlers/handlers.go:131.79,135.16 3 1
github.com/bhehar/bed-and-breakfast/internal/handlers/handlers.go:135.16,137.3 1 0
github.com/bhehar/bed-and-breakfast/internal/handlers/handlers.go:139.2,140.14 2 1
github.com/bhehar/bed-and-breakfast/internal/handlers/handlers.go:143.71,145.2 1 1
github.com/bhehar/bed-and-breakfast/internal/handlers/handlers.go:148.82,150.9 2 1
github.com/bhehar/bed-and-breakfast/internal/handlers/handlers.go:150.9,156.3 5 1
github.com/bhehar/bed-and-breakfast/internal/handlers/handlers.go:157.2,162.4 4 0
